<?xml version="1.0" encoding="UTF-8"?>
<testsuite xmlns:xsi="http://www.w3.org/2001/XMLSchema-instance" xsi:schemaLocation="https://maven.apache.org/surefire/maven-surefire-plugin/xsd/surefire-test-report.xsd" name="com.workflow.eComs.RunnerTest" time="25.475" tests="16" errors="0" skipped="0" failures="0">
  <properties>
    <property name="java.runtime.name" value="Java(TM) SE Runtime Environment"/>
    <property name="sun.boot.library.path" value="C:\Program Files\Java\jdk1.8.0_201\jre\bin"/>
    <property name="java.vm.version" value="25.201-b09"/>
    <property name="java.vm.vendor" value="Oracle Corporation"/>
    <property name="maven.multiModuleProjectDirectory" value="C:\Users\Esco\Selenium\workspace\eComs"/>
    <property name="java.vendor.url" value="http://java.oracle.com/"/>
    <property name="path.separator" value=";"/>
    <property name="guice.disable.misplaced.annotation.check" value="true"/>
    <property name="java.vm.name" value="Java HotSpot(TM) 64-Bit Server VM"/>
    <property name="file.encoding.pkg" value="sun.io"/>
    <property name="user.script" value=""/>
    <property name="user.country" value="GB"/>
    <property name="sun.java.launcher" value="SUN_STANDARD"/>
    <property name="sun.os.patch.level" value=""/>
    <property name="java.vm.specification.name" value="Java Virtual Machine Specification"/>
    <property name="user.dir" value="C:\Users\Esco\Selenium\workspace\eComs"/>
    <property name="java.runtime.version" value="1.8.0_201-b09"/>
    <property name="java.awt.graphicsenv" value="sun.awt.Win32GraphicsEnvironment"/>
    <property name="java.endorsed.dirs" value="C:\Program Files\Java\jdk1.8.0_201\jre\lib\endorsed"/>
    <property name="os.arch" value="amd64"/>
    <property name="java.io.tmpdir" value="C:\Users\Esco\AppData\Local\Temp\"/>
    <property name="line.separator" value="&#10;"/>
    <property name="java.vm.specification.vendor" value="Oracle Corporation"/>
    <property name="user.variant" value=""/>
    <property name="os.name" value="Windows 10"/>
    <property name="classworlds.conf" value="C:\Program Files\apache-maven-3.2.3\apache-maven-3.6.0\bin\..\bin\m2.conf"/>
    <property name="sun.jnu.encoding" value="Cp1252"/>
    <property name="java.library.path" value="C:\Program Files\Java\jdk1.8.0_201\bin;C:\WINDOWS\Sun\Java\bin;C:\WINDOWS\system32;C:\WINDOWS;C:\Program Files (x86)\Common Files\Oracle\Java\javapath;C:\Program Files (x86)\Intel\iCLS Client\;C:\Program Files\Intel\iCLS Client\;C:\WINDOWS\system32;C:\WINDOWS;C:\WINDOWS\System32\Wbem;C:\WINDOWS\System32\WindowsPowerShell\v1.0\;C:\FPC\2.4.2\bin\i386-Win32;C:\Program Files (x86)\Silverfrost\FTN95;C:\Program Files (x86)\Skype\Phone\;C:\Program Files\Intel\WiFi\bin\;C:\Program Files\Common Files\Intel\WirelessCommon\;C:\Program Files\Java\jdk1.8.0_201\bin;C:\Program Files\apache-maven-3.2.3\bin;C:\WINDOWS\System32\OpenSSH\;C:\Program Files\Microsoft VS Code\bin;C:\Program Files\Git\cmd;C:\Program Files (x86)\Intel\Intel(R) Management Engine Components\DAL;C:\Program Files\Intel\Intel(R) Management Engine Components\DAL;C:\Program Files (x86)\Intel\Intel(R) Management Engine Components\IPT;C:\Program Files\Intel\Intel(R) Management Engine Components\IPT;C:\Program Files\dotnet\;C:\Program Files\apache-maven-3.2.3\apache-maven-3.6.0\bin;C:\Users\Esco\AppData\Local\Microsoft\WindowsApps;C:\Program Files\Microsoft VS Code\bin;C:\Program Files\Java\jdk1.8.0_201\bin;C:\Program Files\apache-maven-3.2.3\bin;;."/>
    <property name="maven.conf" value="C:\Program Files\apache-maven-3.2.3\apache-maven-3.6.0\bin\../conf"/>
    <property name="java.specification.name" value="Java Platform API Specification"/>
    <property name="java.class.version" value="52.0"/>
    <property name="sun.management.compiler" value="HotSpot 64-Bit Tiered Compilers"/>
    <property name="os.version" value="10.0"/>
    <property name="library.jansi.path" value="C:\Program Files\apache-maven-3.2.3\apache-maven-3.6.0\bin\..\lib\jansi-native"/>
    <property name="user.home" value="C:\Users\Esco"/>
    <property name="user.timezone" value="Europe/London"/>
    <property name="java.awt.printerjob" value="sun.awt.windows.WPrinterJob"/>
    <property name="java.specification.version" value="1.8"/>
    <property name="file.encoding" value="Cp1252"/>
    <property name="user.name" value="Esco"/>
    <property name="java.class.path" value="C:\Program Files\apache-maven-3.2.3\apache-maven-3.6.0\bin\..\boot\plexus-classworlds-2.5.2.jar"/>
    <property name="java.vm.specification.version" value="1.8"/>
    <property name="sun.arch.data.model" value="64"/>
    <property name="java.home" value="C:\Program Files\Java\jdk1.8.0_201\jre"/>
    <property name="sun.java.command" value="org.codehaus.plexus.classworlds.launcher.Launcher clean test"/>
    <property name="java.specification.vendor" value="Oracle Corporation"/>
    <property name="user.language" value="en"/>
    <property name="awt.toolkit" value="sun.awt.windows.WToolkit"/>
    <property name="java.vm.info" value="mixed mode"/>
    <property name="java.version" value="1.8.0_201"/>
    <property name="java.ext.dirs" value="C:\Program Files\Java\jdk1.8.0_201\jre\lib\ext;C:\WINDOWS\Sun\Java\lib\ext"/>
    <property name="sun.boot.class.path" value="C:\Program Files\Java\jdk1.8.0_201\jre\lib\resources.jar;C:\Program Files\Java\jdk1.8.0_201\jre\lib\rt.jar;C:\Program Files\Java\jdk1.8.0_201\jre\lib\sunrsasign.jar;C:\Program Files\Java\jdk1.8.0_201\jre\lib\jsse.jar;C:\Program Files\Java\jdk1.8.0_201\jre\lib\jce.jar;C:\Program Files\Java\jdk1.8.0_201\jre\lib\charsets.jar;C:\Program Files\Java\jdk1.8.0_201\jre\lib\jfr.jar;C:\Program Files\Java\jdk1.8.0_201\jre\classes"/>
    <property name="sun.stderr.encoding" value="cp850"/>
    <property name="java.vendor" value="Oracle Corporation"/>
    <property name="maven.home" value="C:\Program Files\apache-maven-3.2.3\apache-maven-3.6.0\bin\.."/>
    <property name="file.separator" value="\"/>
    <property name="java.vendor.url.bug" value="http://bugreport.sun.com/bugreport/"/>
    <property name="sun.cpu.endian" value="little"/>
    <property name="sun.io.unicode.encoding" value="UnicodeLittle"/>
    <property name="sun.stdout.encoding" value="cp850"/>
    <property name="sun.desktop" value="windows"/>
    <property name="sun.cpu.isalist" value="amd64"/>
  </properties>
  <testcase name="Given I go to the Home page" classname="| escosolo7@gmail.com | Ikeama78 |" time="0"/>
  <testcase name="And I click the login link" classname="| escosolo7@gmail.com | Ikeama78 |" time="0"/>
  <testcase name="And I enter email &quot;escosolo7@gmail.com&quot; address" classname="| escosolo7@gmail.com | Ikeama78 |" time="0"/>
  <testcase name="And I enter password &quot;Ikeama78&quot;" classname="| escosolo7@gmail.com | Ikeama78 |" time="0"/>
  <testcase name="When I click login button" classname="| escosolo7@gmail.com | Ikeama78 |" time="0"/>
  <testcase name="Then I verify that I am logged in successfully" classname="| escosolo7@gmail.com | Ikeama78 |" time="0"/>
  <testcase name="And I sign out" classname="| escosolo7@gmail.com | Ikeama78 |" time="0.001"/>
  <testcase name="| escosolo7@gmail.com | Ikeama78 |" classname="| escosolo7@gmail.com | Ikeama78 |" time="0.001"/>
  <testcase name="Given I go to the Home page" classname="| emekaonuorha@gmail.com | Solo | Esco | Escosolo7 |" time="0"/>
  <testcase name="And I click the login link" classname="| emekaonuorha@gmail.com | Solo | Esco | Escosolo7 |" time="0"/>
  <testcase name="And I enter my &quot;emekaonuorha@gmail.com&quot; address" classname="| emekaonuorha@gmail.com | Solo | Esco | Escosolo7 |" time="0"/>
  <testcase name="And I click on the create account button" classname="| emekaonuorha@gmail.com | Solo | Esco | Escosolo7 |" time="0"/>
  <testcase name="And I click on male radio button" classname="| emekaonuorha@gmail.com | Solo | Esco | Escosolo7 |" time="0"/>
  <testcase name="And I enter a firstname &quot;Solo&quot;" classname="| emekaonuorha@gmail.com | Solo | Esco | Escosolo7 |" time="0"/>
  <testcase name="And I enter a lastname &quot;Esco&quot;" classname="| emekaonuorha@gmail.com | Solo | Esco | Escosolo7 |" time="0"/>
  <testcase name="| emekaonuorha@gmail.com | Solo | Esco | Escosolo7 |" classname="| emekaonuorha@gmail.com | Solo | Esco | Escosolo7 |" time="0"/>
</testsuite>